{"message":"Unauthorized request to path: /","level":"error"}
{"message":"Unauthorized request to path: /","level":"error"}
{"message":"Unauthorized request to path: /","level":"error"}
{"message":"Unauthorized request to path: /","level":"error"}
{"message":"Unauthorized request to path: /","level":"error"}
{"message":"Unauthorized request to path: /","level":"error"}
{"message":"Unauthorized request to path: /","level":"error"}
{"message":"Unauthorized request to path: /","level":"error"}
{"message":"Unauthorized request to path: /","level":"error"}
{"message":"Unauthorized request to path: /","level":"error"}
{"message":"Unauthorized request to path: /","level":"error"}
{"message":"Unauthorized request to path: /bookmarks","level":"error"}
{"message":"Unauthorized request to path: /bookmarks","level":"error"}
{"message":"Unauthorized request to path: /","level":"error"}
{"message":"Unauthorized request to path: /bookmarks","level":"error"}
{"message":"Bookmark with id id=1 not found","level":"error"}
{"message":"Bookmark with id id:1 not found","level":"error"}
{"message":"Bookmark with id id:1 not found","level":"error"}
{"message":"Bookmark with id id:1 not found","level":"error"}
{"message":"Bookmark with id id:3 not found","level":"error"}
{"message":"Bookmark with id id:44 not found","level":"error"}
{"message":"Bookmark with id 1 not found","level":"error"}
{"message":"Bookmark with id 5 not found","level":"error"}
{"message":"Bookmark with id 2 not found","level":"error"}
{"message":"Bookmark with id 77 not found","level":"error"}
{"message":"Bookmark with id id:2 not found","level":"error"}
{"message":"Bookmark with id id:1 not found","level":"error"}
{"message":"Title is required","level":"error"}
{"message":"Unexpected token t in JSON at position 10","level":"error"}
{"message":"Bookmark with id c9c34218-9f50-42d7-9b1e-b9e5960978a3 created","level":"info"}
{"message":"Bookmark with id 1 not found","level":"error"}
{"message":"Bookmark with id c9c34218-9f50-42d7-9b1e-b9e5960978a3 deleted","level":"info"}
{"message":"Unauthorized request to path: /bookmarks","level":"error"}
{"message":"Unauthorized request to path: /bookmarks","level":"error"}
{"message":"Unauthorized request to path: /bookmarks","level":"error"}
{"message":"Unauthorized request to path: /bookmarks","level":"error"}
{"message":"Unauthorized request to path: /bookmarks","level":"error"}
{"message":"Unauthorized request to path: /bookmarks","level":"error"}
{"message":"Unauthorized request to path: /","level":"error"}
{"message":"Unauthorized request to path: /","level":"error"}
{"message":"Unauthorized request to path: /","level":"error"}
{"message":"Unauthorized request to path: /","level":"error"}
{"message":"Unauthorized request to path: /bookmarks","level":"error"}
{"message":"Unauthorized request to path: /bookmarks","level":"error"}
{"message":"Unauthorized request to path: /bookmarks","level":"error"}
{"message":"Unauthorized request to path: /bookmarks","level":"error"}
{"message":"Unauthorized request to path: /bookmarks","level":"error"}
{"message":"Unauthorized request to path: /bookmarks/","level":"error"}
{"message":"Unauthorized request to path: /bookmarks/","level":"error"}
{"message":"URL required","level":"error"}
{"message":"Unauthorized request to path: /bookmarks/","level":"error"}
{"message":"Rating between 0 and 5 required","level":"error"}
{"message":"Unauthorized request to path: /bookmarks/","level":"error"}
{"message":"Rating between 0 and 5 required","level":"error"}
{"message":"Unauthorized request to path: /bookmarks/","level":"error"}
{"message":"Rating between 0 and 5 required","level":"error"}
{"message":"Unauthorized request to path: /bookmarks/","level":"error"}
{"message":"Bookmark with id aa3cb5c8-00dd-4e96-8fc6-81ac836a5eb7 created","level":"info"}
{"message":"Unauthorized request to path: /bookmarks","level":"error"}
{"message":"Unauthorized request to path: /bookmarks/859a5c10-92b3-459f-918c-62a187908f1f","level":"error"}
{"message":"Unauthorized request to path: /bookmarks/859a5c10-92b3-459f-918c-62a187908f1f","level":"error"}
{"message":"Bookmark with id 859a5c10-92b3-459f-918c-62a187908f1f deleted","level":"info"}
{"message":"Unauthorized request to path: /bookmarks","level":"error"}
{"message":"Unauthorized request to path: /bookmarks/6678","level":"error"}
{"message":"Bookmark with id 6678 deleted","level":"info"}
{"message":"Unauthorized request to path: /bookmarks","level":"error"}
{"message":"Unauthorized request to path: /bookmarks","level":"error"}
{"message":"Unauthorized request to path: /bookmarks/6678","level":"error"}
{"message":"Bookmark with id 6678 not found","level":"error"}
{"message":"Unauthorized request to path: /bookmarks/332e0e5f-42bb-4ea4-9dc4-8f8964eb0a7e","level":"error"}
{"message":"Bookmark with id 332e0e5f-42bb-4ea4-9dc4-8f8964eb0a7e deleted","level":"info"}
{"message":"Unauthorized request to path: /bookmarks","level":"error"}
{"message":"Unauthorized request to path: /bookmarks/332e0e","level":"error"}
{"message":"Bookmark with id 332e0e not found","level":"error"}
